<?xml version="1.0" encoding="UTF-8"?>
<!-- Generated by org.testng.reporters.JUnitXMLReporter -->
<testsuite hostname="DESKTOP-PRFL5GG" name="Default test" tests="1" failures="0" timestamp="26 Jul 2019 09:29:43 GMT" time="0.759" errors="0">
  <testcase name="@BeforeClass baseSetup" time="0.0" classname="companysetup.tests.VerifyLedgerAccounts">
    <failure type="org.testng.TestNGException" message="
Parameter &amp;apos;browser&amp;apos; is required by @Configuration on method baseSetup but has not been marked @Optional or defined
in C:\Users\Phani\AppData\Local\Temp\testng-eclipse-374733420\testng-customsuite.xml">
      <![CDATA[org.testng.TestNGException: 
Parameter 'browser' is required by @Configuration on method baseSetup but has not been marked @Optional or defined
in C:\Users\Phani\AppData\Local\Temp\testng-eclipse-374733420\testng-customsuite.xml
	at org.testng.internal.Parameters.createParameters(Parameters.java:154)
	at org.testng.internal.Parameters.createParameters(Parameters.java:361)
	at org.testng.internal.Parameters.createConfigurationParameters(Parameters.java:84)
	at org.testng.internal.Invoker.invokeConfigurations(Invoker.java:201)
	at org.testng.internal.Invoker.invokeConfigurations(Invoker.java:142)
	at org.testng.internal.TestMethodWorker.invokeBeforeClassMethods(TestMethodWorker.java:178)
	at org.testng.internal.TestMethodWorker.run(TestMethodWorker.java:108)
	at org.testng.TestRunner.privateRun(TestRunner.java:782)
	at org.testng.TestRunner.run(TestRunner.java:632)
	at org.testng.SuiteRunner.runTest(SuiteRunner.java:366)
	at org.testng.SuiteRunner.runSequentially(SuiteRunner.java:361)
	at org.testng.SuiteRunner.privateRun(SuiteRunner.java:319)
	at org.testng.SuiteRunner.run(SuiteRunner.java:268)
	at org.testng.SuiteRunnerWorker.runSuite(SuiteRunnerWorker.java:52)
	at org.testng.SuiteRunnerWorker.run(SuiteRunnerWorker.java:86)
	at org.testng.TestNG.runSuitesSequentially(TestNG.java:1244)
	at org.testng.TestNG.runSuitesLocally(TestNG.java:1169)
	at org.testng.TestNG.run(TestNG.java:1064)
	at org.testng.remote.RemoteTestNG.run(RemoteTestNG.java:113)
	at org.testng.remote.RemoteTestNG.initAndRun(RemoteTestNG.java:206)
	at org.testng.remote.RemoteTestNG.main(RemoteTestNG.java:177)
]]>
    </failure>
  </testcase> <!-- @BeforeClass baseSetup -->
  <testcase name="@AfterMethod getReport" time="0.0" classname="companysetup.tests.VerifyLedgerAccounts">
    <skipped/>
  </testcase> <!-- @AfterMethod getReport -->
  <testcase name="@AfterClass tearDown" time="0.0" classname="companysetup.tests.VerifyLedgerAccounts">
    <skipped/>
  </testcase> <!-- @AfterClass tearDown -->
  <testcase name="@AfterTest endTest" time="0.0" classname="companysetup.tests.VerifyLedgerAccounts">
    <skipped/>
  </testcase> <!-- @AfterTest endTest -->
  <testcase name="verifyToEnterAcNo" time="0.002" classname="companysetup.tests.VerifyLedgerAccounts">
    <skipped/>
  </testcase> <!-- verifyToEnterAcNo -->
</testsuite> <!-- Default test -->
